<?xml version="1.0" encoding="UTF-8"?>
<!-- Generated by org.testng.reporters.JUnitReportReporter -->
<testsuite hostname="msi" failures="0" tests="3" name="MinesweeperTest" time="0.083" errors="0" timestamp="2020-09-12T13:59:35 PET" skipped="0">
  <testcase classname="MinesweeperTest" name="testCase1" time="0.040"/>
  <testcase classname="MinesweeperTest" name="testCase2" time="0.002"/>
  <testcase classname="MinesweeperTest" name="testCase0" time="0.041"/>
</testsuite> <!-- MinesweeperTest -->
