<?xml version="1.0" encoding="UTF-8"?>
<!-- Generated by org.testng.reporters.JUnitReportReporter -->
<testsuite hostname="msi" failures="0" tests="3" name="MinesweeperTest" time="0.067" errors="0" timestamp="2020-09-12T13:45:16 PET" skipped="0">
  <testcase classname="MinesweeperTest" name="testCase1" time="0.030"/>
  <testcase classname="MinesweeperTest" name="testCase2" time="0.002"/>
  <testcase classname="MinesweeperTest" name="testCase0" time="0.035"/>
</testsuite> <!-- MinesweeperTest -->
